<?xml version="1.0" encoding="UTF-8"?>
<testsuite xmlns:xsi="http://www.w3.org/2001/XMLSchema-instance" xsi:noNamespaceSchemaLocation="https://maven.apache.org/surefire/maven-surefire-plugin/xsd/surefire-test-report.xsd" name="com.app.services.test.MyServicesTest" time="0.025" tests="2" errors="0" skipped="0" failures="0">
  <properties>
[...]
</properties>
  <testcase name="testSayHello1" classname="com.app.services.test.MyServicesTest" time="0.016"/>
  <testcase name="testSayHello2" classname="com.app.services.test.MyServicesTest" time="0"/>
</testsuite>